
--- SESSION STARTED: 2026-02-04 06:48:23 ---
[

]
[

]
--- PROCESS EXITED: None ---

--- SESSION STARTED: 2026-02-04 06:48:37 ---
[

]
[

]
--- PROCESS EXITED: 0 ---

--- SESSION STARTED: 2026-02-04 06:49:12 ---
[

]
[

]
--- PROCESS EXITED: 0 ---

--- SESSION STARTED: 2026-02-04 06:50:37 ---
[

]
[

]
--- PROCESS EXITED: 0 ---

--- SESSION STARTED: 2026-02-04 06:55:02 ---
[

]
[

]
--- PROCESS EXITED: 0 ---

--- SESSION STARTED: 2026-02-04 06:55:06 ---
[

]
[

]
--- PROCESS EXITED: 0 ---

--- SESSION STARTED: 2026-02-04 06:55:16 ---
[

]
[

]
--- PROCESS EXITED: 0 ---

--- SESSION STARTED: 2026-02-04 06:55:26 ---
[

]
[

]
--- PROCESS EXITED: 0 ---
