
--- SESSION STARTED: 2026-02-04 06:58:12 ---
How lengthy do you want your password to be : Traceback (most recent call last):
  File "D:\Computer\script_manager\scripts\PasswordGenerator.py", line 87, in <module>
    main()
    ~~~~^^
  File "D:\Computer\script_manager\scripts\PasswordGenerator.py", line 60, in main
    pass_len = int(input('How lengthy do you want your password to be : '))
ValueError: invalid literal for int() with base 10: ''
--- PROCESS EXITED: None ---

--- SESSION STARTED: 2026-02-04 06:59:09 ---
How lengthy do you want your password to be : 
Generate Password Summary:

Character Uppercase : 4
Character Lowercase : 2
Numbers : 1
Symbols : 1

Your computer generated password is:
[38;2;200;200;50mF7OFjRu% [38;2;255;255;255m

--- PROCESS EXITED: 0 ---

--- SESSION STARTED: 2026-02-04 07:02:01 ---
How lengthy do you want your password to be : 
Generate Password Summary:

Character Uppercase : 5
Character Lowercase : 6
Numbers : 1
Symbols : 3

Your computer generated password is:
[38;2;200;200;50mYl$ZZ$HiH%idi6f [38;2;255;255;255m

--- PROCESS EXITED: 0 ---

--- SESSION STARTED: 2026-02-04 07:08:15 ---
How lengthy do you want your password to be : 
Generate Password Summary:

Character Uppercase : 1
Character Lowercase : 1
Numbers : 2
Symbols : 1

Your computer generated password is:
[38;2;200;200;50mG8y1& [38;2;255;255;255m

--- PROCESS EXITED: 0 ---

--- SESSION STARTED: 2026-02-04 07:09:24 ---
How lengthy do you want your password to be : 
Generate Password Summary:

Character Uppercase : 1
Character Lowercase : 1
Numbers : 2
Symbols : 1

Your computer generated password is:
[38;2;200;200;50m9Z0o@ [38;2;255;255;255m

--- PROCESS EXITED: 0 ---

--- SESSION STARTED: 2026-02-04 07:09:46 ---
How lengthy do you want your password to be : --- PROCESS EXITED: 1 ---

--- SESSION STARTED: 2026-02-04 07:09:48 ---
How lengthy do you want your password to be : 
Generate Password Summary:

Character Uppercase : 2
Character Lowercase : 1
Numbers : 1
Symbols : 1

Your computer generated password is:
[38;2;200;200;50m%QEx2 [38;2;255;255;255m

--- PROCESS EXITED: 0 ---

--- SESSION STARTED: 2026-02-04 07:53:26 ---
How lengthy do you want your password to be : --- PROCESS EXITED: 1 ---

--- SESSION STARTED: 2026-02-04 07:53:35 ---
How lengthy do you want your password to be : --- PROCESS EXITED: 1 ---

--- SESSION STARTED: 2026-02-04 07:53:38 ---
How lengthy do you want your password to be : --- PROCESS EXITED: 1 ---

--- SESSION STARTED: 2026-02-04 17:17:57 ---
How lengthy do you want your password to be : 
Generate Password Summary:

Character Uppercase : 1
Character Lowercase : 2
Numbers : 87
Symbols : 28

Your computer generated password is:
[38;2;200;200;50m65%69#3&4@j170#2035&7500#0604954$1$6876?3688063%359501863064$99$&%1250?$8&4455$22%19#H7277315&9?49663?935i@$89328?190@ [38;2;255;255;255m

--- PROCESS EXITED: 0 ---

--- SESSION STARTED: 2026-02-23 09:30:39 ---
How lengthy do you want your password to be : 
Generate Password Summary:

Character Uppercase : 2
Character Lowercase : 1
Numbers : 1
Symbols : 1

Your computer generated password is:
[38;2;200;200;50mO4Y?z [38;2;255;255;255m

--- PROCESS EXITED: 0 ---

--- SESSION STARTED: 2026-03-05 11:57:43 ---
How lengthy do you want your password to be : 
Generate Password Summary:

Character Uppercase : 1
Character Lowercase : 2
Numbers : 1
Symbols : 1

Your computer generated password is:
[38;2;200;200;50m3$geB [38;2;255;255;255m

--- PROCESS EXITED: 0 ---
