
--- SESSION STARTED: 2026-02-04 07:24:49 ---
Traceback (most recent call last):
  File "D:\Computer\script_manager\scripts\youtubeDownloader.py", line 1, in <module>
    import yt_dlp # pip install yt-dlp
    ^^^^^^^^^^^^^
ModuleNotFoundError: No module named 'yt_dlp'
--- PROCESS EXITED: 1 ---

--- SESSION STARTED: 2026-02-04 07:26:11 ---
Do you have more than one video you'd like to download? (Y/n): Enter Video URL: Do you want audio output only (Y/n): [youtube] Extracting URL: https://youtu.be/ssYt09bCgUY?si=8ezRdPJenV_pDqrZ
[youtube] ssYt09bCgUY: Downloading webpage
WARNING: [youtube] No supported JavaScript runtime could be found. Only deno is enabled by default; to use another runtime add  --js-runtimes RUNTIME[:PATH]  to your command/config. YouTube extraction without a JS runtime has been deprecated, and some formats may be missing. See  https://github.com/yt-dlp/yt-dlp/wiki/EJS  for details on installing one
[youtube] ssYt09bCgUY: Downloading android vr player API JSON
[info] ssYt09bCgUY: Downloading 1 format(s): 399+140
WARNING: ffmpeg-location Youtube Downloader\bin does not exist! Continuing without ffmpeg
ERROR: You have requested merging of multiple formats but ffmpeg is not installed. Aborting due to --abort-on-error
Traceback (most recent call last):
  File "D:\Computer\script_manager\scripts\youtubeDownloader.py", line 38, in <module>
    downloader()
    ~~~~~~~~~~^^
  File "D:\Computer\script_manager\scripts\youtubeDownloader.py", line 35, in downloader
    ydl.download(URLS)
    ~~~~~~~~~~~~^^^^^^
  File "C:\Users\jayan\AppData\Local\Programs\Python\Python314\Lib\site-packages\yt_dlp\YoutubeDL.py", line 3670, in download
    self.__download_wrapper(self.extract_info)(
    ~~~~~~~~~~~~~~~~~~~~~~~~~~~~~~~~~~~~~~~~~~^
        url, force_generic_extractor=self.params.get('force_generic_extractor', False))
        ^^^^^^^^^^^^^^^^^^^^^^^^^^^^^^^^^^^^^^^^^^^^^^^^^^^^^^^^^^^^^^^^^^^^^^^^^^^^^^^
  File "C:\Users\jayan\AppData\Local\Programs\Python\Python314\Lib\site-packages\yt_dlp\YoutubeDL.py", line 3643, in wrapper
    res = func(*args, **kwargs)
  File "C:\Users\jayan\AppData\Local\Programs\Python\Python314\Lib\site-packages\yt_dlp\YoutubeDL.py", line 1687, in extract_info
    return self.__extract_info(url, self.get_info_extractor(key), download, extra_info, process)
           ~~~~~~~~~~~~~~~~~~~^^^^^^^^^^^^^^^^^^^^^^^^^^^^^^^^^^^^^^^^^^^^^^^^^^^^^^^^^^^^^^^^^^
  File "C:\Users\jayan\AppData\Local\Programs\Python\Python314\Lib\site-packages\yt_dlp\YoutubeDL.py", line 1698, in wrapper
    return func(self, *args, **kwargs)
  File "C:\Users\jayan\AppData\Local\Programs\Python\Python314\Lib\site-packages\yt_dlp\YoutubeDL.py", line 1854, in __extract_info
    return self.process_ie_result(ie_result, download, extra_info)
           ~~~~~~~~~~~~~~~~~~~~~~^^^^^^^^^^^^^^^^^^^^^^^^^^^^^^^^^
  File "C:\Users\jayan\AppData\Local\Programs\Python\Python314\Lib\site-packages\yt_dlp\YoutubeDL.py", line 1913, in process_ie_result
    ie_result = self.process_video_result(ie_result, download=download)
  File "C:\Users\jayan\AppData\Local\Programs\Python\Python314\Lib\site-packages\yt_dlp\YoutubeDL.py", line 3096, in process_video_result
    self.process_info(new_info)
    ~~~~~~~~~~~~~~~~~^^^^^^^^^^
  File "C:\Users\jayan\AppData\Local\Programs\Python\Python314\Lib\site-packages\yt_dlp\YoutubeDL.py", line 189, in wrapper
    return func(self, *args, **kwargs)
  File "C:\Users\jayan\AppData\Local\Programs\Python\Python314\Lib\site-packages\yt_dlp\YoutubeDL.py", line 3502, in process_info
    self.report_error(f'{msg}. Aborting due to --abort-on-error')
    ~~~~~~~~~~~~~~~~~^^^^^^^^^^^^^^^^^^^^^^^^^^^^^^^^^^^^^^^^^^^^
  File "C:\Users\jayan\AppData\Local\Programs\Python\Python314\Lib\site-packages\yt_dlp\YoutubeDL.py", line 1154, in report_error
    self.trouble(f'{self._format_err("ERROR:", self.Styles.ERROR)} {message}', *args, **kwargs)
    ~~~~~~~~~~~~^^^^^^^^^^^^^^^^^^^^^^^^^^^^^^^^^^^^^^^^^^^^^^^^^^^^^^^^^^^^^^^^^^^^^^^^^^^^^^^
  File "C:\Users\jayan\AppData\Local\Programs\Python\Python314\Lib\site-packages\yt_dlp\YoutubeDL.py", line 1093, in trouble
    raise DownloadError(message, exc_info)
yt_dlp.utils.DownloadError: ERROR: You have requested merging of multiple formats but ffmpeg is not installed. Aborting due to --abort-on-error
--- PROCESS EXITED: 1 ---

--- SESSION STARTED: 2026-02-04 07:27:56 ---
Do you have more than one video you'd like to download? (Y/n): Enter Video URL: Do you want audio output only (Y/n): [youtube] Extracting URL: https://youtu.be/ssYt09bCgUY?si=8ezRdPJenV_pDqrZ
[youtube] ssYt09bCgUY: Downloading webpage
WARNING: [youtube] No supported JavaScript runtime could be found. Only deno is enabled by default; to use another runtime add  --js-runtimes RUNTIME[:PATH]  to your command/config. YouTube extraction without a JS runtime has been deprecated, and some formats may be missing. See  https://github.com/yt-dlp/yt-dlp/wiki/EJS  for details on installing one
[youtube] ssYt09bCgUY: Downloading android vr player API JSON
[info] ssYt09bCgUY: Downloading 1 format(s): 399+140
WARNING: ffmpeg-location Youtube Downloader\bin does not exist! Continuing without ffmpeg
ERROR: You have requested merging of multiple formats but ffmpeg is not installed. Aborting due to --abort-on-error
Traceback (most recent call last):
  File "D:\Computer\script_manager\scripts\youtubeDownloader.py", line 38, in <module>
    downloader()
    ~~~~~~~~~~^^
  File "D:\Computer\script_manager\scripts\youtubeDownloader.py", line 35, in downloader
    ydl.download(URLS)
    ~~~~~~~~~~~~^^^^^^
  File "C:\Users\jayan\AppData\Local\Programs\Python\Python314\Lib\site-packages\yt_dlp\YoutubeDL.py", line 3670, in download
    self.__download_wrapper(self.extract_info)(
    ~~~~~~~~~~~~~~~~~~~~~~~~~~~~~~~~~~~~~~~~~~^
        url, force_generic_extractor=self.params.get('force_generic_extractor', False))
        ^^^^^^^^^^^^^^^^^^^^^^^^^^^^^^^^^^^^^^^^^^^^^^^^^^^^^^^^^^^^^^^^^^^^^^^^^^^^^^^
  File "C:\Users\jayan\AppData\Local\Programs\Python\Python314\Lib\site-packages\yt_dlp\YoutubeDL.py", line 3643, in wrapper
    res = func(*args, **kwargs)
  File "C:\Users\jayan\AppData\Local\Programs\Python\Python314\Lib\site-packages\yt_dlp\YoutubeDL.py", line 1687, in extract_info
    return self.__extract_info(url, self.get_info_extractor(key), download, extra_info, process)
           ~~~~~~~~~~~~~~~~~~~^^^^^^^^^^^^^^^^^^^^^^^^^^^^^^^^^^^^^^^^^^^^^^^^^^^^^^^^^^^^^^^^^^
  File "C:\Users\jayan\AppData\Local\Programs\Python\Python314\Lib\site-packages\yt_dlp\YoutubeDL.py", line 1698, in wrapper
    return func(self, *args, **kwargs)
  File "C:\Users\jayan\AppData\Local\Programs\Python\Python314\Lib\site-packages\yt_dlp\YoutubeDL.py", line 1854, in __extract_info
    return self.process_ie_result(ie_result, download, extra_info)
           ~~~~~~~~~~~~~~~~~~~~~~^^^^^^^^^^^^^^^^^^^^^^^^^^^^^^^^^
  File "C:\Users\jayan\AppData\Local\Programs\Python\Python314\Lib\site-packages\yt_dlp\YoutubeDL.py", line 1913, in process_ie_result
    ie_result = self.process_video_result(ie_result, download=download)
  File "C:\Users\jayan\AppData\Local\Programs\Python\Python314\Lib\site-packages\yt_dlp\YoutubeDL.py", line 3096, in process_video_result
    self.process_info(new_info)
    ~~~~~~~~~~~~~~~~~^^^^^^^^^^
  File "C:\Users\jayan\AppData\Local\Programs\Python\Python314\Lib\site-packages\yt_dlp\YoutubeDL.py", line 189, in wrapper
    return func(self, *args, **kwargs)
  File "C:\Users\jayan\AppData\Local\Programs\Python\Python314\Lib\site-packages\yt_dlp\YoutubeDL.py", line 3502, in process_info
    self.report_error(f'{msg}. Aborting due to --abort-on-error')
    ~~~~~~~~~~~~~~~~~^^^^^^^^^^^^^^^^^^^^^^^^^^^^^^^^^^^^^^^^^^^^
  File "C:\Users\jayan\AppData\Local\Programs\Python\Python314\Lib\site-packages\yt_dlp\YoutubeDL.py", line 1154, in report_error
    self.trouble(f'{self._format_err("ERROR:", self.Styles.ERROR)} {message}', *args, **kwargs)
    ~~~~~~~~~~~~^^^^^^^^^^^^^^^^^^^^^^^^^^^^^^^^^^^^^^^^^^^^^^^^^^^^^^^^^^^^^^^^^^^^^^^^^^^^^^^
  File "C:\Users\jayan\AppData\Local\Programs\Python\Python314\Lib\site-packages\yt_dlp\YoutubeDL.py", line 1093, in trouble
    raise DownloadError(message, exc_info)
yt_dlp.utils.DownloadError: ERROR: You have requested merging of multiple formats but ffmpeg is not installed. Aborting due to --abort-on-error
--- PROCESS EXITED: 1 ---

--- SESSION STARTED: 2026-02-04 07:29:09 ---
Do you have more than one video you'd like to download? (Y/n): Enter Video URL: Do you want audio output only (Y/n): [youtube] Extracting URL: https://youtu.be/ssYt09bCgUY?si=8ezRdPJenV_pDqrZ
[youtube] ssYt09bCgUY: Downloading webpage
WARNING: [youtube] No supported JavaScript runtime could be found. Only deno is enabled by default; to use another runtime add  --js-runtimes RUNTIME[:PATH]  to your command/config. YouTube extraction without a JS runtime has been deprecated, and some formats may be missing. See  https://github.com/yt-dlp/yt-dlp/wiki/EJS  for details on installing one
[youtube] ssYt09bCgUY: Downloading android vr player API JSON
[info] ssYt09bCgUY: Downloading 1 format(s): 399+140
WARNING: ffmpeg-location Youtube Downloader\bin does not exist! Continuing without ffmpeg
ERROR: You have requested merging of multiple formats but ffmpeg is not installed. Aborting due to --abort-on-error
Traceback (most recent call last):
  File "D:\Computer\script_manager\scripts\youtubeDownloader.py", line 38, in <module>
    downloader()
    ~~~~~~~~~~^^
  File "D:\Computer\script_manager\scripts\youtubeDownloader.py", line 35, in downloader
    ydl.download(URLS)
    ~~~~~~~~~~~~^^^^^^
  File "C:\Users\jayan\AppData\Local\Programs\Python\Python314\Lib\site-packages\yt_dlp\YoutubeDL.py", line 3670, in download
    self.__download_wrapper(self.extract_info)(
    ~~~~~~~~~~~~~~~~~~~~~~~~~~~~~~~~~~~~~~~~~~^
        url, force_generic_extractor=self.params.get('force_generic_extractor', False))
        ^^^^^^^^^^^^^^^^^^^^^^^^^^^^^^^^^^^^^^^^^^^^^^^^^^^^^^^^^^^^^^^^^^^^^^^^^^^^^^^
  File "C:\Users\jayan\AppData\Local\Programs\Python\Python314\Lib\site-packages\yt_dlp\YoutubeDL.py", line 3643, in wrapper
    res = func(*args, **kwargs)
  File "C:\Users\jayan\AppData\Local\Programs\Python\Python314\Lib\site-packages\yt_dlp\YoutubeDL.py", line 1687, in extract_info
    return self.__extract_info(url, self.get_info_extractor(key), download, extra_info, process)
           ~~~~~~~~~~~~~~~~~~~^^^^^^^^^^^^^^^^^^^^^^^^^^^^^^^^^^^^^^^^^^^^^^^^^^^^^^^^^^^^^^^^^^
  File "C:\Users\jayan\AppData\Local\Programs\Python\Python314\Lib\site-packages\yt_dlp\YoutubeDL.py", line 1698, in wrapper
    return func(self, *args, **kwargs)
  File "C:\Users\jayan\AppData\Local\Programs\Python\Python314\Lib\site-packages\yt_dlp\YoutubeDL.py", line 1854, in __extract_info
    return self.process_ie_result(ie_result, download, extra_info)
           ~~~~~~~~~~~~~~~~~~~~~~^^^^^^^^^^^^^^^^^^^^^^^^^^^^^^^^^
  File "C:\Users\jayan\AppData\Local\Programs\Python\Python314\Lib\site-packages\yt_dlp\YoutubeDL.py", line 1913, in process_ie_result
    ie_result = self.process_video_result(ie_result, download=download)
  File "C:\Users\jayan\AppData\Local\Programs\Python\Python314\Lib\site-packages\yt_dlp\YoutubeDL.py", line 3096, in process_video_result
    self.process_info(new_info)
    ~~~~~~~~~~~~~~~~~^^^^^^^^^^
  File "C:\Users\jayan\AppData\Local\Programs\Python\Python314\Lib\site-packages\yt_dlp\YoutubeDL.py", line 189, in wrapper
    return func(self, *args, **kwargs)
  File "C:\Users\jayan\AppData\Local\Programs\Python\Python314\Lib\site-packages\yt_dlp\YoutubeDL.py", line 3502, in process_info
    self.report_error(f'{msg}. Aborting due to --abort-on-error')
    ~~~~~~~~~~~~~~~~~^^^^^^^^^^^^^^^^^^^^^^^^^^^^^^^^^^^^^^^^^^^^
  File "C:\Users\jayan\AppData\Local\Programs\Python\Python314\Lib\site-packages\yt_dlp\YoutubeDL.py", line 1154, in report_error
    self.trouble(f'{self._format_err("ERROR:", self.Styles.ERROR)} {message}', *args, **kwargs)
    ~~~~~~~~~~~~^^^^^^^^^^^^^^^^^^^^^^^^^^^^^^^^^^^^^^^^^^^^^^^^^^^^^^^^^^^^^^^^^^^^^^^^^^^^^^^
  File "C:\Users\jayan\AppData\Local\Programs\Python\Python314\Lib\site-packages\yt_dlp\YoutubeDL.py", line 1093, in trouble
    raise DownloadError(message, exc_info)
yt_dlp.utils.DownloadError: ERROR: You have requested merging of multiple formats but ffmpeg is not installed. Aborting due to --abort-on-error
--- PROCESS EXITED: 1 ---

--- SESSION STARTED: 2026-02-04 07:29:38 ---
Do you have more than one video you'd like to download? (Y/n): Enter Video URL: Do you want audio output only (Y/n): [youtube] Extracting URL: https://youtu.be/ssYt09bCgUY?si=8ezRdPJenV_pDqrZ
[youtube] ssYt09bCgUY: Downloading webpage
WARNING: [youtube] No supported JavaScript runtime could be found. Only deno is enabled by default; to use another runtime add  --js-runtimes RUNTIME[:PATH]  to your command/config. YouTube extraction without a JS runtime has been deprecated, and some formats may be missing. See  https://github.com/yt-dlp/yt-dlp/wiki/EJS  for details on installing one
[youtube] ssYt09bCgUY: Downloading android vr player API JSON
[info] ssYt09bCgUY: Downloading 1 format(s): 399+140
WARNING: ffmpeg-location Youtube Downloader\bin does not exist! Continuing without ffmpeg
ERROR: You have requested merging of multiple formats but ffmpeg is not installed. Aborting due to --abort-on-error
Traceback (most recent call last):
  File "D:\Computer\script_manager\scripts\youtubeDownloader.py", line 38, in <module>
    downloader()
    ~~~~~~~~~~^^
  File "D:\Computer\script_manager\scripts\youtubeDownloader.py", line 35, in downloader
    ydl.download(URLS)
    ~~~~~~~~~~~~^^^^^^
  File "C:\Users\jayan\AppData\Local\Programs\Python\Python314\Lib\site-packages\yt_dlp\YoutubeDL.py", line 3670, in download
    self.__download_wrapper(self.extract_info)(
    ~~~~~~~~~~~~~~~~~~~~~~~~~~~~~~~~~~~~~~~~~~^
        url, force_generic_extractor=self.params.get('force_generic_extractor', False))
        ^^^^^^^^^^^^^^^^^^^^^^^^^^^^^^^^^^^^^^^^^^^^^^^^^^^^^^^^^^^^^^^^^^^^^^^^^^^^^^^
  File "C:\Users\jayan\AppData\Local\Programs\Python\Python314\Lib\site-packages\yt_dlp\YoutubeDL.py", line 3643, in wrapper
    res = func(*args, **kwargs)
  File "C:\Users\jayan\AppData\Local\Programs\Python\Python314\Lib\site-packages\yt_dlp\YoutubeDL.py", line 1687, in extract_info
    return self.__extract_info(url, self.get_info_extractor(key), download, extra_info, process)
           ~~~~~~~~~~~~~~~~~~~^^^^^^^^^^^^^^^^^^^^^^^^^^^^^^^^^^^^^^^^^^^^^^^^^^^^^^^^^^^^^^^^^^
  File "C:\Users\jayan\AppData\Local\Programs\Python\Python314\Lib\site-packages\yt_dlp\YoutubeDL.py", line 1698, in wrapper
    return func(self, *args, **kwargs)
  File "C:\Users\jayan\AppData\Local\Programs\Python\Python314\Lib\site-packages\yt_dlp\YoutubeDL.py", line 1854, in __extract_info
    return self.process_ie_result(ie_result, download, extra_info)
           ~~~~~~~~~~~~~~~~~~~~~~^^^^^^^^^^^^^^^^^^^^^^^^^^^^^^^^^
  File "C:\Users\jayan\AppData\Local\Programs\Python\Python314\Lib\site-packages\yt_dlp\YoutubeDL.py", line 1913, in process_ie_result
    ie_result = self.process_video_result(ie_result, download=download)
  File "C:\Users\jayan\AppData\Local\Programs\Python\Python314\Lib\site-packages\yt_dlp\YoutubeDL.py", line 3096, in process_video_result
    self.process_info(new_info)
    ~~~~~~~~~~~~~~~~~^^^^^^^^^^
  File "C:\Users\jayan\AppData\Local\Programs\Python\Python314\Lib\site-packages\yt_dlp\YoutubeDL.py", line 189, in wrapper
    return func(self, *args, **kwargs)
  File "C:\Users\jayan\AppData\Local\Programs\Python\Python314\Lib\site-packages\yt_dlp\YoutubeDL.py", line 3502, in process_info
    self.report_error(f'{msg}. Aborting due to --abort-on-error')
    ~~~~~~~~~~~~~~~~~^^^^^^^^^^^^^^^^^^^^^^^^^^^^^^^^^^^^^^^^^^^^
  File "C:\Users\jayan\AppData\Local\Programs\Python\Python314\Lib\site-packages\yt_dlp\YoutubeDL.py", line 1154, in report_error
    self.trouble(f'{self._format_err("ERROR:", self.Styles.ERROR)} {message}', *args, **kwargs)
    ~~~~~~~~~~~~^^^^^^^^^^^^^^^^^^^^^^^^^^^^^^^^^^^^^^^^^^^^^^^^^^^^^^^^^^^^^^^^^^^^^^^^^^^^^^^
  File "C:\Users\jayan\AppData\Local\Programs\Python\Python314\Lib\site-packages\yt_dlp\YoutubeDL.py", line 1093, in trouble
    raise DownloadError(message, exc_info)
yt_dlp.utils.DownloadError: ERROR: You have requested merging of multiple formats but ffmpeg is not installed. Aborting due to --abort-on-error
--- PROCESS EXITED: 1 ---

--- SESSION STARTED: 2026-02-04 07:54:06 ---
Do you have more than one video you'd like to download? (Y/n): --- PROCESS EXITED: 1 ---

--- SESSION STARTED: 2026-02-04 07:54:10 ---
Do you have more than one video you'd like to download? (Y/n): --- PROCESS EXITED: 1 ---

--- SESSION STARTED: 2026-02-04 07:54:15 ---
Do you have more than one video you'd like to download? (Y/n): Enter Video URL: --- PROCESS EXITED: 1 ---

--- SESSION STARTED: 2026-02-04 17:17:39 ---
Do you have more than one video you'd like to download? (Y/n): --- PROCESS EXITED: 1 ---

--- SESSION STARTED: 2026-02-04 17:17:47 ---
Do you have more than one video you'd like to download? (Y/n): --- PROCESS EXITED: 1 ---

--- SESSION STARTED: 2026-02-05 13:20:52 ---
Do you have more than one video you'd like to download? (Y/n): Enter Video URL: Do you want audio output only (Y/n): [youtube] Extracting URL: https://www.youtube.com/watch?v=3WBoCeBkXqA
[youtube] 3WBoCeBkXqA: Downloading webpage
WARNING: [youtube] No supported JavaScript runtime could be found. Only deno is enabled by default; to use another runtime add  --js-runtimes RUNTIME[:PATH]  to your command/config. YouTube extraction without a JS runtime has been deprecated, and some formats may be missing. See  https://github.com/yt-dlp/yt-dlp/wiki/EJS  for details on installing one
[youtube] 3WBoCeBkXqA: Downloading android vr player API JSON
[info] 3WBoCeBkXqA: Downloading 1 format(s): 399+140
WARNING: ffmpeg-location Youtube Downloader\bin does not exist! Continuing without ffmpeg
ERROR: You have requested merging of multiple formats but ffmpeg is not installed. Aborting due to --abort-on-error
Traceback (most recent call last):
  File "D:\Computer\script_manager\scripts\youtubeDownloader.py", line 38, in <module>
    downloader()
    ~~~~~~~~~~^^
  File "D:\Computer\script_manager\scripts\youtubeDownloader.py", line 35, in downloader
    ydl.download(URLS)
    ~~~~~~~~~~~~^^^^^^
  File "C:\Users\jayan\AppData\Local\Programs\Python\Python314\Lib\site-packages\yt_dlp\YoutubeDL.py", line 3670, in download
    self.__download_wrapper(self.extract_info)(
    ~~~~~~~~~~~~~~~~~~~~~~~~~~~~~~~~~~~~~~~~~~^
        url, force_generic_extractor=self.params.get('force_generic_extractor', False))
        ^^^^^^^^^^^^^^^^^^^^^^^^^^^^^^^^^^^^^^^^^^^^^^^^^^^^^^^^^^^^^^^^^^^^^^^^^^^^^^^
  File "C:\Users\jayan\AppData\Local\Programs\Python\Python314\Lib\site-packages\yt_dlp\YoutubeDL.py", line 3643, in wrapper
    res = func(*args, **kwargs)
  File "C:\Users\jayan\AppData\Local\Programs\Python\Python314\Lib\site-packages\yt_dlp\YoutubeDL.py", line 1687, in extract_info
    return self.__extract_info(url, self.get_info_extractor(key), download, extra_info, process)
           ~~~~~~~~~~~~~~~~~~~^^^^^^^^^^^^^^^^^^^^^^^^^^^^^^^^^^^^^^^^^^^^^^^^^^^^^^^^^^^^^^^^^^
  File "C:\Users\jayan\AppData\Local\Programs\Python\Python314\Lib\site-packages\yt_dlp\YoutubeDL.py", line 1698, in wrapper
    return func(self, *args, **kwargs)
  File "C:\Users\jayan\AppData\Local\Programs\Python\Python314\Lib\site-packages\yt_dlp\YoutubeDL.py", line 1854, in __extract_info
    return self.process_ie_result(ie_result, download, extra_info)
           ~~~~~~~~~~~~~~~~~~~~~~^^^^^^^^^^^^^^^^^^^^^^^^^^^^^^^^^
  File "C:\Users\jayan\AppData\Local\Programs\Python\Python314\Lib\site-packages\yt_dlp\YoutubeDL.py", line 1913, in process_ie_result
    ie_result = self.process_video_result(ie_result, download=download)
  File "C:\Users\jayan\AppData\Local\Programs\Python\Python314\Lib\site-packages\yt_dlp\YoutubeDL.py", line 3096, in process_video_result
    self.process_info(new_info)
    ~~~~~~~~~~~~~~~~~^^^^^^^^^^
  File "C:\Users\jayan\AppData\Local\Programs\Python\Python314\Lib\site-packages\yt_dlp\YoutubeDL.py", line 189, in wrapper
    return func(self, *args, **kwargs)
  File "C:\Users\jayan\AppData\Local\Programs\Python\Python314\Lib\site-packages\yt_dlp\YoutubeDL.py", line 3502, in process_info
    self.report_error(f'{msg}. Aborting due to --abort-on-error')
    ~~~~~~~~~~~~~~~~~^^^^^^^^^^^^^^^^^^^^^^^^^^^^^^^^^^^^^^^^^^^^
  File "C:\Users\jayan\AppData\Local\Programs\Python\Python314\Lib\site-packages\yt_dlp\YoutubeDL.py", line 1154, in report_error
    self.trouble(f'{self._format_err("ERROR:", self.Styles.ERROR)} {message}', *args, **kwargs)
    ~~~~~~~~~~~~^^^^^^^^^^^^^^^^^^^^^^^^^^^^^^^^^^^^^^^^^^^^^^^^^^^^^^^^^^^^^^^^^^^^^^^^^^^^^^^
  File "C:\Users\jayan\AppData\Local\Programs\Python\Python314\Lib\site-packages\yt_dlp\YoutubeDL.py", line 1093, in trouble
    raise DownloadError(message, exc_info)
yt_dlp.utils.DownloadError: ERROR: You have requested merging of multiple formats but ffmpeg is not installed. Aborting due to --abort-on-error
--- PROCESS EXITED: 1 ---
